<?xml version="1.0" encoding="UTF-8"?>
<!-- Generated by org.testng.reporters.JUnitReportReporter -->
<testsuite hostname="DESKTOP-F9J01IG" failures="0" tests="1" name="testNGConcept.TestNGPrac" time="20.731" errors="0" timestamp="2024-08-10T13:57:50 EDT" skipped="0">
  <testcase classname="testNGConcept.TestNGPrac" name="loginTest" time="20.731"/>
  <system-out/>
</testsuite> <!-- testNGConcept.TestNGPrac -->
